<?xml version="1.0" encoding="UTF-8"?>
<!-- Generated by org.testng.reporters.JUnitReportReporter -->
<testsuite hostname="DESKTOP-UKOTUFR" failures="0" tests="1" name="Create_an_Account" time="0.483" errors="0" timestamp="2023-10-23T11:47:05 EET" skipped="0">
  <testcase classname="Create_an_Account" name="myTest" time="0.483"/>
  <system-out/>
</testsuite> <!-- Create_an_Account -->
